0 verbose cli /opt/homebrew/Cellar/node/22.5.1/bin/node /opt/homebrew/lib/node_modules/npm/bin/npm-cli.js
1 info using npm@10.8.2
2 info using node@v22.5.1
3 silly config load:file:/opt/homebrew/lib/node_modules/npm/npmrc
4 silly config load:file:/Users/charlo/.local/share/nvim/lazy/markdown-preview.nvim/app/.npmrc
5 silly config load:file:/Users/charlo/.npmrc
6 silly config load:file:/opt/homebrew/etc/npmrc
7 verbose title npm exec yarn install
8 verbose argv "exec" "--" "yarn" "install"
9 verbose logfile logs-max:10 dir:/Users/charlo/.npm/_logs/2024-08-01T14_33_59_265Z-
10 verbose logfile /Users/charlo/.npm/_logs/2024-08-01T14_33_59_265Z-debug-0.log
11 silly logfile start cleaning logs, removing 1 files
12 silly logfile done cleaning log files
13 silly packumentCache heap:4345298944 maxSize:1086324736 maxEntrySize:543162368
14 http fetch GET 200 https://registry.npmjs.org/yarn 175ms (cache miss)
15 silly packumentCache heap:4345298944 maxSize:1086324736 maxEntrySize:543162368
16 silly packumentCache heap:4345298944 maxSize:1086324736 maxEntrySize:543162368
17 warn exec The following package was not found and will be installed: yarn@1.22.22
18 silly idealTree buildDeps
19 silly fetch manifest yarn@1.22.22
20 silly packumentCache full:https://registry.npmjs.org/yarn cache-miss
21 http fetch GET 200 https://registry.npmjs.org/yarn 53ms (cache miss)
22 silly packumentCache full:https://registry.npmjs.org/yarn set size:undefined disposed:false
23 silly placeDep ROOT yarn@1.22.22 OK for:  want: 1.22.22
24 silly reify moves {}
25 silly audit bulk request { yarn: [ '1.22.22' ] }
26 silly tarball no local data for yarn@https://registry.npmjs.org/yarn/-/yarn-1.22.22.tgz. Extracting by manifest.
27 http fetch POST 200 https://registry.npmjs.org/-/npm/v1/security/advisories/bulk 108ms
28 silly audit report {}
29 http fetch GET 200 https://registry.npmjs.org/yarn/-/yarn-1.22.22.tgz 273ms (cache miss)
30 info run yarn@1.22.22 preinstall node_modules/yarn :; (node ./preinstall.js > /dev/null 2>&1 || true)
31 info run yarn@1.22.22 preinstall { code: 0, signal: null }
32 verbose cwd /Users/charlo/.local/share/nvim/lazy/markdown-preview.nvim/app
33 verbose os Darwin 23.6.0
34 verbose node v22.5.1
35 verbose npm  v10.8.2
36 verbose exit 0
37 info ok
