0 verbose cli /opt/homebrew/Cellar/node/23.2.0/bin/node /opt/homebrew/bin/npm
1 info using npm@10.9.0
2 info using node@v23.2.0
3 silly config load:file:/opt/homebrew/lib/node_modules/npm/npmrc
4 silly config load:file:/Users/charlo/.npmrc
5 silly config load:file:/opt/homebrew/etc/npmrc
6 verbose title npm init
7 verbose argv "init" "--yes" "--scope" "mason"
8 verbose logfile logs-max:10 dir:/Users/charlo/.npm/_logs/2024-11-27T23_53_08_281Z-
9 verbose logfile /Users/charlo/.npm/_logs/2024-11-27T23_53_08_281Z-debug-0.log
10 silly logfile start cleaning logs, removing 1 files
11 silly logfile done cleaning log files
12 silly package data {
12 silly package data   name: '@mason/lean-language-server',
12 silly package data   version: '1.0.0',
12 silly package data   main: 'index.js',
12 silly package data   scripts: { test: 'echo "Error: no test specified" && exit 1' },
12 silly package data   keywords: [],
12 silly package data   author: '',
12 silly package data   license: 'ISC',
12 silly package data   description: ''
12 silly package data }
13 verbose cwd /Users/charlo/.local/share/nvim/mason/staging/lean-language-server
14 verbose os Darwin 23.6.0
15 verbose node v23.2.0
16 verbose npm  v10.9.0
17 verbose exit 0
18 info ok
