0 verbose cli /opt/homebrew/Cellar/node/23.2.0/bin/node /opt/homebrew/bin/npm
1 info using npm@10.9.0
2 info using node@v23.2.0
3 silly config load:file:/opt/homebrew/lib/node_modules/npm/npmrc
4 silly config load:file:/Users/charlo/.local/share/nvim/mason/staging/lean-language-server/.npmrc
5 silly config load:file:/Users/charlo/.npmrc
6 silly config load:file:/opt/homebrew/etc/npmrc
7 verbose title npm install lean-language-server@3.4.0
8 verbose argv "install" "lean-language-server@3.4.0"
9 verbose logfile logs-max:10 dir:/Users/charlo/.npm/_logs/2024-11-27T23_53_08_725Z-
10 verbose logfile /Users/charlo/.npm/_logs/2024-11-27T23_53_08_725Z-debug-0.log
11 silly logfile start cleaning logs, removing 1 files
12 silly packumentCache heap:4345298944 maxSize:1086324736 maxEntrySize:543162368
13 silly logfile done cleaning log files
14 silly idealTree buildDeps
15 silly fetch manifest lean-language-server@3.4.0
16 silly packumentCache full:https://registry.npmjs.org/lean-language-server cache-miss
17 http fetch GET 200 https://registry.npmjs.org/lean-language-server 393ms (cache revalidated)
18 silly packumentCache full:https://registry.npmjs.org/lean-language-server set size:62499 disposed:false
19 silly placeDep ROOT lean-language-server@3.4.0 OK for: @mason/lean-language-server@1.0.0 want: 3.4.0
20 silly fetch manifest @types/node@^16.6.1
21 silly packumentCache full:https://registry.npmjs.org/@types%2fnode cache-miss
22 silly fetch manifest lean-client-js-core@^3.3.1
23 silly packumentCache full:https://registry.npmjs.org/lean-client-js-core cache-miss
24 silly fetch manifest lean-client-js-node@^3.3.1
25 silly packumentCache full:https://registry.npmjs.org/lean-client-js-node cache-miss
26 silly fetch manifest vscode-languageserver@^7.0.0
27 silly packumentCache full:https://registry.npmjs.org/vscode-languageserver cache-miss
28 silly fetch manifest vscode-languageserver-textdocument@^1.0.1
29 silly packumentCache full:https://registry.npmjs.org/vscode-languageserver-textdocument cache-miss
30 silly fetch manifest vscode-uri@^3.0.2
31 silly packumentCache full:https://registry.npmjs.org/vscode-uri cache-miss
32 http fetch GET 200 https://registry.npmjs.org/vscode-languageserver-textdocument 13ms (cache hit)
33 silly packumentCache full:https://registry.npmjs.org/vscode-languageserver-textdocument set size:66497 disposed:false
34 http fetch GET 200 https://registry.npmjs.org/vscode-languageserver 16ms (cache hit)
35 silly packumentCache full:https://registry.npmjs.org/vscode-languageserver set size:696816 disposed:false
36 http fetch GET 200 https://registry.npmjs.org/@types%2fnode 26ms (cache hit)
37 silly packumentCache full:https://registry.npmjs.org/@types%2fnode set size:9426203 disposed:false
38 http fetch GET 200 https://registry.npmjs.org/vscode-uri 140ms (cache revalidated)
39 silly packumentCache full:https://registry.npmjs.org/vscode-uri set size:75569 disposed:false
40 http fetch GET 200 https://registry.npmjs.org/lean-client-js-core 331ms (cache revalidated)
41 silly packumentCache full:https://registry.npmjs.org/lean-client-js-core set size:45045 disposed:false
42 http fetch GET 200 https://registry.npmjs.org/lean-client-js-node 379ms (cache revalidated)
43 silly packumentCache full:https://registry.npmjs.org/lean-client-js-node set size:48668 disposed:false
44 silly placeDep node_modules/lean-language-server @types/node@16.18.120 OK for: lean-language-server@3.4.0 want: ^16.6.1
45 silly placeDep node_modules/lean-language-server lean-client-js-core@3.3.1 OK for: lean-language-server@3.4.0 want: ^3.3.1
46 silly placeDep node_modules/lean-language-server lean-client-js-node@3.3.1 OK for: lean-language-server@3.4.0 want: ^3.3.1
47 silly placeDep node_modules/lean-language-server vscode-languageserver@7.0.0 OK for: lean-language-server@3.4.0 want: ^7.0.0
48 silly placeDep node_modules/lean-language-server vscode-languageserver-textdocument@1.0.12 OK for: lean-language-server@3.4.0 want: ^1.0.1
49 silly placeDep node_modules/lean-language-server vscode-uri@3.0.8 OK for: lean-language-server@3.4.0 want: ^3.0.2
50 silly fetch manifest @types/node@^9.4.6
51 silly packumentCache full:https://registry.npmjs.org/@types%2fnode cache-miss
52 silly fetch manifest @types/node@^9.4.6
53 silly packumentCache full:https://registry.npmjs.org/@types%2fnode cache-miss
54 silly fetch manifest vscode-languageserver-protocol@3.16.0
55 silly packumentCache full:https://registry.npmjs.org/vscode-languageserver-protocol cache-miss
56 http fetch GET 200 https://registry.npmjs.org/vscode-languageserver-protocol 7ms (cache hit)
57 silly packumentCache full:https://registry.npmjs.org/vscode-languageserver-protocol set size:466404 disposed:false
58 http fetch GET 200 https://registry.npmjs.org/@types%2fnode 19ms (cache hit)
59 silly packumentCache full:https://registry.npmjs.org/@types%2fnode set size:9426203 disposed:false
60 http fetch GET 200 https://registry.npmjs.org/@types%2fnode 71ms (cache hit)
61 silly packumentCache full:https://registry.npmjs.org/@types%2fnode set size:9426203 disposed:false
62 silly placeDep node_modules/lean-language-server/node_modules/lean-client-js-core @types/node@9.6.61 OK for: lean-client-js-core@3.3.1 want: ^9.4.6
63 silly placeDep node_modules/lean-language-server/node_modules/lean-client-js-node @types/node@9.6.61 OK for: lean-client-js-node@3.3.1 want: ^9.4.6
64 silly placeDep node_modules/lean-language-server vscode-languageserver-protocol@3.16.0 OK for: vscode-languageserver@7.0.0 want: 3.16.0
65 silly fetch manifest vscode-jsonrpc@6.0.0
66 silly packumentCache full:https://registry.npmjs.org/vscode-jsonrpc cache-miss
67 silly fetch manifest vscode-languageserver-types@3.16.0
68 silly packumentCache full:https://registry.npmjs.org/vscode-languageserver-types cache-miss
69 http fetch GET 200 https://registry.npmjs.org/vscode-jsonrpc 3ms (cache hit)
70 silly packumentCache full:https://registry.npmjs.org/vscode-jsonrpc set size:366417 disposed:false
71 http fetch GET 200 https://registry.npmjs.org/vscode-languageserver-types 5ms (cache hit)
72 silly packumentCache full:https://registry.npmjs.org/vscode-languageserver-types set size:304524 disposed:false
73 silly placeDep node_modules/lean-language-server vscode-jsonrpc@6.0.0 OK for: vscode-languageserver-protocol@3.16.0 want: 6.0.0
74 silly placeDep node_modules/lean-language-server vscode-languageserver-types@3.16.0 OK for: vscode-languageserver-protocol@3.16.0 want: 3.16.0
75 silly reify moves {}
76 silly audit bulk request {
76 silly audit   'lean-language-server': [ '3.4.0' ],
76 silly audit   '@types/node': [ '16.18.120', '9.6.61' ],
76 silly audit   'lean-client-js-core': [ '3.3.1' ],
76 silly audit   'lean-client-js-node': [ '3.3.1' ],
76 silly audit   'vscode-languageserver': [ '7.0.0' ],
76 silly audit   'vscode-languageserver-textdocument': [ '1.0.12' ],
76 silly audit   'vscode-uri': [ '3.0.8' ],
76 silly audit   'vscode-languageserver-protocol': [ '3.16.0' ],
76 silly audit   'vscode-jsonrpc': [ '6.0.0' ],
76 silly audit   'vscode-languageserver-types': [ '3.16.0' ]
76 silly audit }
77 http fetch POST 200 https://registry.npmjs.org/-/npm/v1/security/advisories/bulk 96ms
78 silly audit report {}
79 silly ADD node_modules/lean-language-server
80 silly ADD node_modules/lean-language-server/node_modules/vscode-languageserver-types
81 silly ADD node_modules/lean-language-server/node_modules/vscode-jsonrpc
82 silly ADD node_modules/lean-language-server/node_modules/vscode-languageserver-protocol
83 silly ADD node_modules/lean-language-server/node_modules/vscode-uri
84 silly ADD node_modules/lean-language-server/node_modules/vscode-languageserver-textdocument
85 silly ADD node_modules/lean-language-server/node_modules/vscode-languageserver
86 silly ADD node_modules/lean-language-server/node_modules/lean-client-js-node
87 silly ADD node_modules/lean-language-server/node_modules/lean-client-js-node/node_modules/@types/node
88 silly ADD node_modules/lean-language-server/node_modules/lean-client-js-core
89 silly ADD node_modules/lean-language-server/node_modules/lean-client-js-core/node_modules/@types/node
90 silly ADD node_modules/lean-language-server/node_modules/@types/node
91 verbose cwd /Users/charlo/.local/share/nvim/mason/staging/lean-language-server
92 verbose os Darwin 23.6.0
93 verbose node v23.2.0
94 verbose npm  v10.9.0
95 verbose exit 0
96 info ok
