0 verbose cli /opt/homebrew/Cellar/node/23.2.0/bin/node /opt/homebrew/bin/npm
1 info using npm@10.9.0
2 info using node@v23.2.0
3 silly config load:file:/opt/homebrew/lib/node_modules/npm/npmrc
4 silly config load:file:/Users/charlo/Projects/Laurier/laurier_website/.npmrc
5 silly config load:file:/Users/charlo/.npmrc
6 silly config load:file:/opt/homebrew/etc/npmrc
7 verbose title npm run deve
8 verbose argv "run" "deve"
9 verbose logfile logs-max:10 dir:/Users/charlo/.npm/_logs/2024-11-28T17_46_00_642Z-
10 verbose logfile /Users/charlo/.npm/_logs/2024-11-28T17_46_00_642Z-debug-0.log
11 silly logfile start cleaning logs, removing 4 files
12 verbose stack Error: Missing script: "deve"
12 verbose stack
12 verbose stack Did you mean this?
12 verbose stack   npm run dev # run the "dev" package script
12 verbose stack
12 verbose stack To see a list of scripts, run:
12 verbose stack   npm run
12 verbose stack     at #run (/opt/homebrew/lib/node_modules/npm/lib/commands/run-script.js:111:13)
12 verbose stack     at async RunScript.exec (/opt/homebrew/lib/node_modules/npm/lib/commands/run-script.js:40:7)
12 verbose stack     at async Npm.exec (/opt/homebrew/lib/node_modules/npm/lib/npm.js:207:9)
12 verbose stack     at async module.exports (/opt/homebrew/lib/node_modules/npm/lib/cli/entry.js:74:5)
13 error Missing script: "deve"
13 error
13 error Did you mean this?
13 error   npm run dev # run the "dev" package script
13 error
13 error To see a list of scripts, run:
13 error   npm run
14 verbose cwd /Users/charlo/Projects/Laurier/laurier_website
15 verbose os Darwin 23.6.0
16 verbose node v23.2.0
17 verbose npm  v10.9.0
18 verbose exit 1
19 verbose code 1
20 error A complete log of this run can be found in: /Users/charlo/.npm/_logs/2024-11-28T17_46_00_642Z-debug-0.log
