0 verbose cli /opt/homebrew/Cellar/node/22.4.1/bin/node /opt/homebrew/Cellar/node/22.4.1/bin/npm
1 info using npm@10.8.1
2 info using node@v22.4.1
3 silly config load:file:/opt/homebrew/lib/node_modules/npm/npmrc
4 silly config load:file:/Users/charlo/Library/Caches/typescript/5.5/.npmrc
5 silly config load:file:/Users/charlo/.npmrc
6 silly config load:file:/opt/homebrew/etc/npmrc
7 verbose title npm install types-registry@latest
8 verbose argv "install" "--ignore-scripts" "types-registry@latest"
9 verbose logfile logs-max:10 dir:/Users/charlo/.npm/_logs/2024-07-30T19_19_52_043Z-
10 verbose logfile /Users/charlo/.npm/_logs/2024-07-30T19_19_52_043Z-debug-0.log
11 silly packumentCache heap:4345298944 maxSize:1086324736 maxEntrySize:543162368
12 silly logfile start cleaning logs, removing 1 files
13 silly logfile done cleaning log files
14 silly packumentCache corgi:https://registry.npmjs.org/types-registry cache-miss
15 verbose shrinkwrap failed to load node_modules/.package-lock.json out of date, updated: node_modules/types-registry
16 http fetch GET 200 https://registry.npmjs.org/types-registry 230ms (cache revalidated)
17 silly packumentCache corgi:https://registry.npmjs.org/types-registry set size:579712 disposed:false
18 silly idealTree buildDeps
19 silly fetch manifest types-registry@0.1.685
20 silly packumentCache full:https://registry.npmjs.org/types-registry cache-miss
21 http fetch GET 200 https://registry.npmjs.org/types-registry 56ms (cache revalidated)
22 silly packumentCache full:https://registry.npmjs.org/types-registry set size:1204022 disposed:false
23 silly placeDep ROOT types-registry@0.1.685 REPLACE for:  want: 0.1.685
24 silly reify mark retired [
24 silly reify   '/Users/charlo/Library/Caches/typescript/5.5/node_modules/types-registry'
24 silly reify ]
25 silly reify mark retired [
25 silly reify   '/Users/charlo/Library/Caches/typescript/5.5/node_modules/undici-types'
25 silly reify ]
26 silly reify mark retired [
26 silly reify   '/Users/charlo/Library/Caches/typescript/5.5/node_modules/@types/connect'
26 silly reify ]
27 silly reify mark retired [
27 silly reify   '/Users/charlo/Library/Caches/typescript/5.5/node_modules/@types/http-server'
27 silly reify ]
28 silly reify mark retired [
28 silly reify   '/Users/charlo/Library/Caches/typescript/5.5/node_modules/@types/live-server'
28 silly reify ]
29 silly reify mark retired [
29 silly reify   '/Users/charlo/Library/Caches/typescript/5.5/node_modules/@types/node'
29 silly reify ]
30 silly reify moves {
30 silly reify   '/Users/charlo/Library/Caches/typescript/5.5/node_modules/types-registry': '/Users/charlo/Library/Caches/typescript/5.5/node_modules/.types-registry-miagX18T',
30 silly reify   '/Users/charlo/Library/Caches/typescript/5.5/node_modules/undici-types': '/Users/charlo/Library/Caches/typescript/5.5/node_modules/.undici-types-CeHy9JJI',
30 silly reify   '/Users/charlo/Library/Caches/typescript/5.5/node_modules/@types/connect': '/Users/charlo/Library/Caches/typescript/5.5/node_modules/@types/.connect-SnmiU24O',
30 silly reify   '/Users/charlo/Library/Caches/typescript/5.5/node_modules/@types/http-server': '/Users/charlo/Library/Caches/typescript/5.5/node_modules/@types/.http-server-6nhaylC2',
30 silly reify   '/Users/charlo/Library/Caches/typescript/5.5/node_modules/@types/live-server': '/Users/charlo/Library/Caches/typescript/5.5/node_modules/@types/.live-server-cvnaYymn',
30 silly reify   '/Users/charlo/Library/Caches/typescript/5.5/node_modules/@types/node': '/Users/charlo/Library/Caches/typescript/5.5/node_modules/@types/.node-U1nx9h3L'
30 silly reify }
31 silly audit bulk request { 'types-registry': [ '0.1.685' ] }
32 http fetch POST 200 https://registry.npmjs.org/-/npm/v1/security/advisories/bulk 105ms
33 silly audit report {}
34 silly REMOVE node_modules/@types/node
35 silly REMOVE node_modules/@types/live-server
36 silly REMOVE node_modules/@types/http-server
37 silly REMOVE node_modules/@types/connect
38 silly REMOVE node_modules/undici-types
39 silly CHANGE node_modules/types-registry
40 verbose cwd /Users/charlo/Library/Caches/typescript/5.5
41 verbose os Darwin 23.0.0
42 verbose node v22.4.1
43 verbose npm  v10.8.1
44 verbose exit 0
45 info ok
