0 verbose cli /opt/homebrew/Cellar/node/22.4.1/bin/node /opt/homebrew/Cellar/node/22.4.1/bin/npm
1 info using npm@10.8.1
2 info using node@v22.4.1
3 silly config load:file:/opt/homebrew/lib/node_modules/npm/npmrc
4 silly config load:file:/Users/charlo/Library/Caches/typescript/5.5/.npmrc
5 silly config load:file:/Users/charlo/.npmrc
6 silly config load:file:/opt/homebrew/etc/npmrc
7 verbose title npm install @types/http-server@ts5.5 @types/live-server@ts5.5
8 verbose argv "install" "--ignore-scripts" "@types/http-server@ts5.5" "@types/live-server@ts5.5" "--save-dev" "--user-agent" "typesInstaller/5.5.2"
9 verbose logfile logs-max:10 dir:/Users/charlo/.npm/_logs/2024-07-30T19_19_52_768Z-
10 verbose logfile /Users/charlo/.npm/_logs/2024-07-30T19_19_52_768Z-debug-0.log
11 silly packumentCache heap:4345298944 maxSize:1086324736 maxEntrySize:543162368
12 silly logfile start cleaning logs, removing 1 files
13 silly packumentCache corgi:https://registry.npmjs.org/@types%2fhttp-server cache-miss
14 silly packumentCache corgi:https://registry.npmjs.org/@types%2flive-server cache-miss
15 silly logfile done cleaning log files
16 http fetch GET 200 https://registry.npmjs.org/@types%2fhttp-server 620ms (cache revalidated)
17 silly packumentCache corgi:https://registry.npmjs.org/@types%2fhttp-server set size:7415 disposed:false
18 http fetch GET 200 https://registry.npmjs.org/@types%2flive-server 623ms (cache revalidated)
19 silly packumentCache corgi:https://registry.npmjs.org/@types%2flive-server set size:4472 disposed:false
20 silly idealTree buildDeps
21 silly fetch manifest @types/http-server@0.12.4
22 silly packumentCache full:https://registry.npmjs.org/@types%2fhttp-server cache-miss
23 http fetch GET 200 https://registry.npmjs.org/@types%2fhttp-server 62ms (cache revalidated)
24 silly packumentCache full:https://registry.npmjs.org/@types%2fhttp-server set size:14320 disposed:false
25 silly fetch manifest @types/live-server@1.2.3
26 silly packumentCache full:https://registry.npmjs.org/@types%2flive-server cache-miss
27 http fetch GET 200 https://registry.npmjs.org/@types%2flive-server 336ms (cache revalidated)
28 silly packumentCache full:https://registry.npmjs.org/@types%2flive-server set size:8895 disposed:false
29 silly placeDep ROOT @types/http-server@0.12.4 OK for:  want: 0.12.4
30 silly placeDep ROOT @types/live-server@1.2.3 OK for:  want: 1.2.3
31 silly fetch manifest @types/connect@*
32 silly packumentCache full:https://registry.npmjs.org/@types%2fconnect cache-miss
33 http fetch GET 200 https://registry.npmjs.org/@types%2fconnect 61ms (cache revalidated)
34 silly packumentCache full:https://registry.npmjs.org/@types%2fconnect set size:31444 disposed:false
35 silly placeDep ROOT @types/connect@3.4.38 OK for: @types/http-server@0.12.4 want: *
36 silly fetch manifest @types/node@*
37 silly packumentCache full:https://registry.npmjs.org/@types%2fnode cache-miss
38 http fetch GET 200 https://registry.npmjs.org/@types%2fnode 217ms (cache updated)
39 silly packumentCache full:https://registry.npmjs.org/@types%2fnode set size:undefined disposed:false
40 silly placeDep ROOT @types/node@22.0.0 OK for: @types/connect@3.4.38 want: *
41 silly fetch manifest undici-types@~6.11.1
42 silly packumentCache full:https://registry.npmjs.org/undici-types cache-miss
43 http fetch GET 200 https://registry.npmjs.org/undici-types 60ms (cache updated)
44 silly packumentCache full:https://registry.npmjs.org/undici-types set size:undefined disposed:false
45 silly placeDep ROOT undici-types@6.11.1 OK for: @types/node@22.0.0 want: ~6.11.1
46 silly reify moves {}
47 silly audit bulk request {
47 silly audit   'types-registry': [ '0.1.685' ],
47 silly audit   '@types/http-server': [ '0.12.4' ],
47 silly audit   '@types/live-server': [ '1.2.3' ],
47 silly audit   '@types/connect': [ '3.4.38' ],
47 silly audit   '@types/node': [ '22.0.0' ],
47 silly audit   'undici-types': [ '6.11.1' ]
47 silly audit }
48 silly tarball no local data for undici-types@https://registry.npmjs.org/undici-types/-/undici-types-6.11.1.tgz. Extracting by manifest.
49 silly tarball no local data for @types/node@https://registry.npmjs.org/@types/node/-/node-22.0.0.tgz. Extracting by manifest.
50 http fetch POST 200 https://registry.npmjs.org/-/npm/v1/security/advisories/bulk 108ms
51 silly audit report {}
52 http fetch GET 200 https://registry.npmjs.org/@types/node/-/node-22.0.0.tgz 116ms (cache miss)
53 http fetch GET 200 https://registry.npmjs.org/undici-types/-/undici-types-6.11.1.tgz 172ms (cache miss)
54 silly ADD node_modules/undici-types
55 silly ADD node_modules/@types/node
56 silly ADD node_modules/@types/connect
57 silly ADD node_modules/@types/live-server
58 silly ADD node_modules/@types/http-server
59 verbose cwd /Users/charlo/Library/Caches/typescript/5.5
60 verbose os Darwin 23.0.0
61 verbose node v22.4.1
62 verbose npm  v10.8.1
63 verbose exit 0
64 info ok
