0 verbose cli /opt/homebrew/Cellar/node/22.5.1/bin/node /opt/homebrew/bin/npm
1 info using npm@10.8.2
2 info using node@v22.5.1
3 silly config load:file:/opt/homebrew/lib/node_modules/npm/npmrc
4 silly config load:file:/Users/charlo/.npmrc
5 silly config load:file:/opt/homebrew/etc/npmrc
6 verbose title npm uninstall pyflakes
7 verbose argv "uninstall" "pyflakes"
8 verbose logfile logs-max:10 dir:/Users/charlo/.npm/_logs/2024-08-01T11_15_37_123Z-
9 verbose logfile /Users/charlo/.npm/_logs/2024-08-01T11_15_37_123Z-debug-0.log
10 silly packumentCache heap:4345298944 maxSize:1086324736 maxEntrySize:543162368
11 silly logfile start cleaning logs, removing 1 files
12 silly logfile done cleaning log files
13 silly idealTree buildDeps
14 warn EBADENGINE Unsupported engine {
14 warn EBADENGINE   package: 'fish@0.0.0',
14 warn EBADENGINE   required: { node: '~0.6.6' },
14 warn EBADENGINE   current: { node: 'v22.5.1', npm: '10.8.2' }
14 warn EBADENGINE }
15 silly reify moves {}
16 silly audit bulk request {
16 silly audit   '@electron/get': [ '2.0.3' ],
16 silly audit   '@sindresorhus/is': [ '4.6.0' ],
16 silly audit   '@szmarczak/http-timer': [ '4.0.6' ],
16 silly audit   '@types/cacheable-request': [ '6.0.3' ],
16 silly audit   '@types/http-cache-semantics': [ '4.0.4' ],
16 silly audit   '@types/keyv': [ '3.1.4' ],
16 silly audit   '@types/node': [ '18.19.28' ],
16 silly audit   '@types/responselike': [ '1.0.3' ],
16 silly audit   '@types/webmidi': [ '2.0.10' ],
16 silly audit   '@types/yauzl': [ '2.10.3' ],
16 silly audit   accepts: [ '1.3.8' ],
16 silly audit   'ansi-styles': [ '4.3.0' ],
16 silly audit   anymatch: [ '2.0.0' ],
16 silly audit   'normalize-path': [ '2.1.1', '3.0.0' ],
16 silly audit   'apache-crypt': [ '1.2.6' ],
16 silly audit   'apache-md5': [ '1.1.8' ],
16 silly audit   'arr-diff': [ '4.0.0' ],
16 silly audit   'arr-flatten': [ '1.1.0' ],
16 silly audit   'arr-union': [ '3.1.0' ],
16 silly audit   'array-unique': [ '0.3.2' ],
16 silly audit   'assign-symbols': [ '1.0.0' ],
16 silly audit   async: [ '2.6.4' ],
16 silly audit   'async-each': [ '1.0.6' ],
16 silly audit   atob: [ '2.1.2' ],
16 silly audit   base: [ '0.11.2' ],
16 silly audit   'define-property': [ '1.0.0', '0.2.5', '2.0.2' ],
16 silly audit   'basic-auth': [ '2.0.1' ],
16 silly audit   batch: [ '0.6.1' ],
16 silly audit   bcryptjs: [ '2.4.3' ],
16 silly audit   'binary-extensions': [ '1.13.1' ],
16 silly audit   bindings: [ '1.5.0' ],
16 silly audit   boolean: [ '3.2.0' ],
16 silly audit   braces: [ '2.3.2' ],
16 silly audit   'buffer-crc32': [ '0.2.13' ],
16 silly audit   'cache-base': [ '1.0.1' ],
16 silly audit   'cacheable-lookup': [ '5.0.4' ],
16 silly audit   'cacheable-request': [ '7.0.4' ],
16 silly audit   'call-bind': [ '1.0.7' ],
16 silly audit   chalk: [ '4.1.2' ],
16 silly audit   chokidar: [ '2.1.8' ],
16 silly audit   'class-utils': [ '0.3.6' ],
16 silly audit   'is-descriptor': [ '0.1.7', '1.0.3' ],
16 silly audit   'clone-response': [ '1.0.3' ],
16 silly audit   'collection-visit': [ '1.0.0' ],
16 silly audit   'color-convert': [ '2.0.1' ],
16 silly audit   'color-name': [ '1.1.4' ],
16 silly audit   colors: [ '1.4.0' ],
16 silly audit   'component-emitter': [ '1.3.1' ],
16 silly audit   connect: [ '3.7.0' ],
16 silly audit   debug: [ '2.6.9', '4.3.4', '3.2.7' ],
16 silly audit   ms: [ '2.0.0', '2.1.2', '2.1.3' ],
16 silly audit   'copy-descriptor': [ '0.1.1' ],
16 silly audit   'core-util-is': [ '1.0.3' ],
16 silly audit   cors: [ '2.8.5' ],
16 silly audit   corser: [ '2.0.1' ],
16 silly audit   'decode-uri-component': [ '0.2.2' ],
16 silly audit   'decompress-response': [ '6.0.0' ],
16 silly audit   'mimic-response': [ '3.1.0', '1.0.1' ],
16 silly audit   'defer-to-connect': [ '2.0.1' ],
16 silly audit   'define-data-property': [ '1.1.4' ],
16 silly audit   'define-properties': [ '1.2.1' ],
16 silly audit   depd: [ '2.0.0', '1.1.2' ],
16 silly audit   destroy: [ '1.2.0' ],
16 silly audit   'detect-node': [ '2.1.0' ],
16 silly audit   duplexer: [ '0.1.2' ],
16 silly audit   'ee-first': [ '1.1.1' ],
16 silly audit   electron: [ '28.2.9' ],
16 silly audit   encodeurl: [ '1.0.2' ],
16 silly audit   'end-of-stream': [ '1.4.4' ],
16 silly audit   'env-paths': [ '2.2.1' ],
16 silly audit   'es-define-property': [ '1.0.0' ],
16 silly audit   'es-errors': [ '1.3.0' ],
16 silly audit   'es6-error': [ '4.1.1' ],
16 silly audit   'escape-html': [ '1.0.3' ],
16 silly audit   'escape-string-regexp': [ '4.0.0' ],
16 silly audit   etag: [ '1.8.1' ],
16 silly audit   'event-stream': [ '3.3.4' ],
16 silly audit   eventemitter3: [ '4.0.7' ],
16 silly audit   'expand-brackets': [ '2.1.4' ],
16 silly audit   'extend-shallow': [ '2.0.1', '3.0.2' ],
16 silly audit   extglob: [ '2.0.4' ],
16 silly audit   'extract-zip': [ '2.0.1' ],
16 silly audit   'faye-websocket': [ '0.11.4' ],
16 silly audit   'fd-slicer': [ '1.1.0' ],
16 silly audit   'file-uri-to-path': [ '1.0.0' ],
16 silly audit   'fill-range': [ '4.0.0' ],
16 silly audit   finalhandler: [ '1.1.2' ],
16 silly audit   fish: [ '0.0.0' ],
16 silly audit   'follow-redirects': [ '1.15.6' ],
16 silly audit   'for-in': [ '1.0.2' ],
16 silly audit   'fragment-cache': [ '0.2.1' ],
16 silly audit   fresh: [ '0.5.2' ],
16 silly audit   from: [ '0.1.7' ],
16 silly audit   'fs-extra': [ '8.1.0' ],
16 silly audit   fsevents: [ '1.2.13' ],
16 silly audit   'function-bind': [ '1.1.2' ],
16 silly audit   'get-intrinsic': [ '1.2.4' ],
16 silly audit   'get-stream': [ '5.2.0' ],
16 silly audit   'get-value': [ '2.0.6' ],
16 silly audit   'glob-parent': [ '3.1.0' ],
16 silly audit   'is-glob': [ '3.1.0', '4.0.3' ],
16 silly audit   'global-agent': [ '3.0.0' ],
16 silly audit   semver: [ '7.6.0', '6.3.1' ],
16 silly audit   globalthis: [ '1.0.3' ],
16 silly audit   gopd: [ '1.0.1' ],
16 silly audit   got: [ '11.8.6' ],
16 silly audit   'graceful-fs': [ '4.2.11' ],
16 silly audit   'has-flag': [ '4.0.0' ],
16 silly audit   'has-property-descriptors': [ '1.0.2' ],
16 silly audit   'has-proto': [ '1.0.3' ],
16 silly audit   'has-symbols': [ '1.0.3' ],
16 silly audit   'has-value': [ '1.0.0', '0.3.1' ],
16 silly audit   'has-values': [ '1.0.0', '0.1.4' ],
16 silly audit   'kind-of': [ '4.0.0', '3.2.2', '6.0.3' ],
16 silly audit   hasown: [ '2.0.2' ],
16 silly audit   he: [ '1.2.0' ],
16 silly audit   'html-encoding-sniffer': [ '3.0.0' ],
16 silly audit   'http-auth': [ '3.1.3' ],
16 silly audit   'http-cache-semantics': [ '4.1.1' ],
16 silly audit   'http-errors': [ '2.0.0', '1.6.3' ],
16 silly audit   statuses: [ '2.0.1', '1.5.0' ],
16 silly audit   'http-parser-js': [ '0.5.8' ],
16 silly audit   'http-proxy': [ '1.18.1' ],
16 silly audit   'http-server': [ '14.1.1' ],
16 silly audit   'http2-wrapper': [ '1.0.3' ],
16 silly audit   'iconv-lite': [ '0.6.3' ],
16 silly audit   inherits: [ '2.0.4', '2.0.3' ],
16 silly audit   'is-accessor-descriptor': [ '1.0.1' ],
16 silly audit   'is-binary-path': [ '1.0.1' ],
16 silly audit   'is-buffer': [ '1.1.6' ],
16 silly audit   'is-data-descriptor': [ '1.0.1' ],
16 silly audit   'is-extendable': [ '0.1.1', '1.0.1' ],
16 silly audit   'is-extglob': [ '2.1.1' ],
16 silly audit   'is-number': [ '3.0.0' ],
16 silly audit   'is-plain-object': [ '2.0.4' ],
16 silly audit   'is-windows': [ '1.0.2' ],
16 silly audit   'is-wsl': [ '1.1.0' ],
16 silly audit   isarray: [ '1.0.0' ],
16 silly audit   isobject: [ '3.0.1', '2.1.0' ],
16 silly audit   'jazz-midi': [ '1.7.9' ],
16 silly audit   'jazz-midi-electron': [ '2.0.1' ],
16 silly audit   'json-buffer': [ '3.0.1' ],
16 silly audit   'json-stringify-safe': [ '5.0.1' ],
16 silly audit   jsonfile: [ '4.0.0' ],
16 silly audit   jzz: [ '1.8.1' ],
16 silly audit   keyv: [ '4.5.4' ],
16 silly audit   'live-server': [ '1.2.2' ],
16 silly audit   lodash: [ '4.17.21' ],
16 silly audit   'lowercase-keys': [ '2.0.0' ],
16 silly audit   'lru-cache': [ '6.0.0' ],
16 silly audit   'map-cache': [ '0.2.2' ],
16 silly audit   'map-stream': [ '0.1.0' ],
16 silly audit   'map-visit': [ '1.0.0' ],
16 silly audit   matcher: [ '3.0.0' ],
16 silly audit   micromatch: [ '3.1.10' ],
16 silly audit   mime: [ '1.6.0' ],
16 silly audit   'mime-db': [ '1.52.0' ],
16 silly audit   'mime-types': [ '2.1.35' ],
16 silly audit   minimist: [ '1.2.8' ],
16 silly audit   'mixin-deep': [ '1.3.2' ],
16 silly audit   mkdirp: [ '0.5.6' ],
16 silly audit   morgan: [ '1.10.0' ],
16 silly audit   nan: [ '2.20.0' ],
16 silly audit   nanomatch: [ '1.2.13' ],
16 silly audit   negotiator: [ '0.6.3' ],
16 silly audit   'normalize-url': [ '6.1.0' ],
16 silly audit   'object-assign': [ '4.1.1' ],
16 silly audit   'object-copy': [ '0.1.0' ],
16 silly audit   'object-inspect': [ '1.13.2' ],
16 silly audit   'object-keys': [ '1.1.1' ],
16 silly audit   'object-visit': [ '1.0.1' ],
16 silly audit   'object.pick': [ '1.3.0' ],
16 silly audit   'on-finished': [ '2.3.0', '2.4.1' ],
16 silly audit   'on-headers': [ '1.0.2' ],
16 silly audit   once: [ '1.4.0' ],
16 silly audit   opener: [ '1.5.2' ],
16 silly audit   opn: [ '6.0.0' ],
16 silly audit   'p-cancelable': [ '2.1.1' ],
16 silly audit   parseurl: [ '1.3.3' ],
16 silly audit   pascalcase: [ '0.1.1' ],
16 silly audit   'path-dirname': [ '1.0.2' ],
16 silly audit   'path-is-absolute': [ '1.0.1' ],
16 silly audit   'pause-stream': [ '0.0.11' ],
16 silly audit   pend: [ '1.2.0' ],
16 silly audit   portfinder: [ '1.0.32' ],
16 silly audit   'posix-character-classes': [ '0.1.1' ],
16 silly audit   'process-nextick-args': [ '2.0.1' ],
16 silly audit   progress: [ '2.0.3' ],
16 silly audit   'proxy-middleware': [ '0.15.0' ],
16 silly audit   pump: [ '3.0.0' ],
16 silly audit   qs: [ '6.12.2' ],
16 silly audit   'quick-lru': [ '5.1.1' ],
16 silly audit   'range-parser': [ '1.2.1' ],
16 silly audit   'readable-stream': [ '2.3.8' ],
16 silly audit   readdirp: [ '2.2.1' ],
16 silly audit   'regex-not': [ '1.0.2' ],
16 silly audit   'remove-trailing-separator': [ '1.1.0' ],
16 silly audit   'repeat-element': [ '1.1.4' ],
16 silly audit   'repeat-string': [ '1.6.1' ],
16 silly audit   'requires-port': [ '1.0.0' ],
16 silly audit   'resolve-alpn': [ '1.2.1' ],
16 silly audit   'resolve-url': [ '0.2.1' ],
16 silly audit   responselike: [ '2.0.1' ],
16 silly audit   ret: [ '0.1.15' ],
16 silly audit   roarr: [ '2.15.4' ],
16 silly audit   'safe-buffer': [ '5.1.2' ],
16 silly audit   'safe-regex': [ '1.1.0' ],
16 silly audit   'safer-buffer': [ '2.1.2' ],
16 silly audit   'secure-compare': [ '3.0.1' ],
16 silly audit   'semver-compare': [ '1.0.0' ],
16 silly audit   send: [ '0.18.0' ],
16 silly audit   'serialize-error': [ '7.0.1' ],
16 silly audit   'serve-index': [ '1.9.1' ],
16 silly audit   setprototypeof: [ '1.1.0', '1.2.0' ],
16 silly audit   'set-function-length': [ '1.2.2' ],
16 silly audit   'set-value': [ '2.0.1' ],
16 silly audit   'side-channel': [ '1.0.6' ],
16 silly audit   snapdragon: [ '0.8.2' ],
16 silly audit   'snapdragon-node': [ '2.1.1' ],
16 silly audit   'snapdragon-util': [ '3.0.1' ],
16 silly audit   'source-map': [ '0.5.7' ],
16 silly audit   'source-map-resolve': [ '0.5.3' ],
16 silly audit   'source-map-url': [ '0.4.1' ],
16 silly audit   split: [ '0.3.3' ],
16 silly audit   'split-string': [ '3.1.0' ],
16 silly audit   'sprintf-js': [ '1.1.3' ],
16 silly audit   'static-extend': [ '0.1.2' ],
16 silly audit   'stream-combiner': [ '0.0.4' ],
16 silly audit   string_decoder: [ '1.1.1' ],
16 silly audit   sumchecker: [ '3.0.1' ],
16 silly audit   'supports-color': [ '7.2.0' ],
16 silly audit   through: [ '2.3.8' ],
16 silly audit   'to-object-path': [ '0.3.0' ],
16 silly audit   'to-regex': [ '3.0.2' ],
16 silly audit   'to-regex-range': [ '2.1.1' ],
16 silly audit   toidentifier: [ '1.0.1' ],
16 silly audit   'type-fest': [ '0.13.1' ],
16 silly audit   'undici-types': [ '5.26.5' ],
16 silly audit   union: [ '0.5.0' ],
16 silly audit   'union-value': [ '1.0.1' ],
16 silly audit   universalify: [ '0.1.2' ],
16 silly audit   'unix-crypt-td-js': [ '1.1.4' ],
16 silly audit   unpipe: [ '1.0.0' ],
16 silly audit   'unset-value': [ '1.0.0' ],
16 silly audit   upath: [ '1.2.0' ],
16 silly audit   urix: [ '0.1.0' ],
16 silly audit   'url-join': [ '4.0.1' ],
16 silly audit   use: [ '3.1.1' ],
16 silly audit   'util-deprecate': [ '1.0.2' ],
16 silly audit   'utils-merge': [ '1.0.1' ],
16 silly audit   uuid: [ '3.4.0' ],
16 silly audit   vary: [ '1.1.2' ],
16 silly audit   'websocket-driver': [ '0.7.4' ],
16 silly audit   'websocket-extensions': [ '0.1.4' ],
16 silly audit   'whatwg-encoding': [ '2.0.0' ],
16 silly audit   wrappy: [ '1.0.2' ],
16 silly audit   yallist: [ '4.0.0' ],
16 silly audit   yauzl: [ '2.10.0' ]
16 silly audit }
17 http fetch POST 200 https://registry.npmjs.org/-/npm/v1/security/advisories/bulk 215ms
18 silly audit report {
18 silly audit report   braces: [
18 silly audit report     {
18 silly audit report       id: 1098094,
18 silly audit report       url: 'https://github.com/advisories/GHSA-grv7-fg5c-xmjg',
18 silly audit report       title: 'Uncontrolled resource consumption in braces',
18 silly audit report       severity: 'high',
18 silly audit report       vulnerable_versions: '<3.0.3',
18 silly audit report       cwe: [Array],
18 silly audit report       cvss: [Object]
18 silly audit report     }
18 silly audit report   ]
18 silly audit report }
19 silly packumentCache corgi:https://registry.npmjs.org/braces cache-miss
20 http fetch GET 200 https://registry.npmjs.org/braces 55ms (cache revalidated)
21 silly packumentCache corgi:https://registry.npmjs.org/braces set size:35919 disposed:false
22 silly packumentCache corgi:https://registry.npmjs.org/chokidar cache-miss
23 silly packumentCache corgi:https://registry.npmjs.org/micromatch cache-miss
24 http fetch GET 200 https://registry.npmjs.org/micromatch 60ms (cache revalidated)
25 silly packumentCache corgi:https://registry.npmjs.org/micromatch set size:71026 disposed:false
26 http fetch GET 200 https://registry.npmjs.org/chokidar 129ms (cache revalidated)
27 silly packumentCache corgi:https://registry.npmjs.org/chokidar set size:118775 disposed:false
28 silly packumentCache corgi:https://registry.npmjs.org/anymatch cache-miss
29 silly packumentCache corgi:https://registry.npmjs.org/readdirp cache-miss
30 http fetch GET 200 https://registry.npmjs.org/readdirp 44ms (cache revalidated)
31 silly packumentCache corgi:https://registry.npmjs.org/readdirp set size:40500 disposed:false
32 http fetch GET 200 https://registry.npmjs.org/anymatch 45ms (cache revalidated)
33 silly packumentCache corgi:https://registry.npmjs.org/anymatch set size:18345 disposed:false
34 silly packumentCache corgi:https://registry.npmjs.org/live-server cache-miss
35 http fetch GET 200 https://registry.npmjs.org/live-server 42ms (cache revalidated)
36 silly packumentCache corgi:https://registry.npmjs.org/live-server set size:19733 disposed:false
37 verbose cwd /Users/charlo/Home/Coding/manim_projects
38 verbose os Darwin 23.6.0
39 verbose node v22.5.1
40 verbose npm  v10.8.2
41 verbose exit 0
42 info ok
