0 verbose cli /opt/homebrew/Cellar/node/22.4.1/bin/node /opt/homebrew/Cellar/node/22.4.1/bin/npm
1 info using npm@10.8.1
2 info using node@v22.4.1
3 silly config load:file:/opt/homebrew/lib/node_modules/npm/npmrc
4 silly config load:file:/Users/charlo/Library/Caches/typescript/5.5/.npmrc
5 silly config load:file:/Users/charlo/.npmrc
6 silly config load:file:/opt/homebrew/etc/npmrc
7 verbose title npm install @types/http-server@ts5.5 @types/live-server@ts5.5
8 verbose argv "install" "--ignore-scripts" "@types/http-server@ts5.5" "@types/live-server@ts5.5" "--save-dev" "--user-agent" "typesInstaller/5.5.2"
9 verbose logfile logs-max:10 dir:/Users/charlo/.npm/_logs/2024-07-27T14_58_54_574Z-
10 verbose logfile /Users/charlo/.npm/_logs/2024-07-27T14_58_54_574Z-debug-0.log
11 silly packumentCache heap:4345298944 maxSize:1086324736 maxEntrySize:543162368
12 silly logfile start cleaning logs, removing 1 files
13 silly logfile done cleaning log files
14 silly packumentCache corgi:https://registry.npmjs.org/@types%2fhttp-server cache-miss
15 silly packumentCache corgi:https://registry.npmjs.org/@types%2flive-server cache-miss
16 http fetch GET 200 https://registry.npmjs.org/@types%2flive-server 164ms (cache revalidated)
17 silly packumentCache corgi:https://registry.npmjs.org/@types%2flive-server set size:4472 disposed:false
18 http fetch GET 200 https://registry.npmjs.org/@types%2fhttp-server 167ms (cache revalidated)
19 silly packumentCache corgi:https://registry.npmjs.org/@types%2fhttp-server set size:7415 disposed:false
20 silly idealTree buildDeps
21 silly fetch manifest @types/http-server@0.12.4
22 silly packumentCache full:https://registry.npmjs.org/@types%2fhttp-server cache-miss
23 http fetch GET 200 https://registry.npmjs.org/@types%2fhttp-server 65ms (cache revalidated)
24 silly packumentCache full:https://registry.npmjs.org/@types%2fhttp-server set size:14320 disposed:false
25 silly fetch manifest @types/live-server@1.2.3
26 silly packumentCache full:https://registry.npmjs.org/@types%2flive-server cache-miss
27 http fetch GET 200 https://registry.npmjs.org/@types%2flive-server 74ms (cache revalidated)
28 silly packumentCache full:https://registry.npmjs.org/@types%2flive-server set size:8895 disposed:false
29 silly placeDep ROOT @types/http-server@0.12.4 REPLACE for:  want: 0.12.4
30 silly placeDep ROOT @types/live-server@1.2.3 REPLACE for:  want: 1.2.3
31 silly reify moves {}
32 silly audit bulk request {
32 silly audit   '@types/connect': [ '3.4.38' ],
32 silly audit   '@types/node': [ '20.14.10' ],
32 silly audit   'types-registry': [ '0.1.685' ],
32 silly audit   'undici-types': [ '5.26.5' ],
32 silly audit   '@types/http-server': [ '0.12.4' ],
32 silly audit   '@types/live-server': [ '1.2.3' ]
32 silly audit }
33 http fetch POST 200 https://registry.npmjs.org/-/npm/v1/security/advisories/bulk 97ms
34 silly audit report {}
35 verbose cwd /Users/charlo/Library/Caches/typescript/5.5
36 verbose os Darwin 23.0.0
37 verbose node v22.4.1
38 verbose npm  v10.8.1
39 verbose exit 0
40 info ok
