0 verbose cli /Users/charlo/anaconda3/bin/node /Users/charlo/anaconda3/bin/npm
1 info using npm@10.5.0
2 info using node@v20.12.2
3 timing npm:load:whichnode Completed in 1ms
4 timing config:load:defaults Completed in 0ms
5 timing config:load:file:/Users/charlo/anaconda3/lib/node_modules/npm/npmrc Completed in 0ms
6 timing config:load:builtin Completed in 0ms
7 timing config:load:cli Completed in 1ms
8 timing config:load:env Completed in 0ms
9 timing config:load:file:/Users/charlo/.local/share/nvim/mason/staging/rustywind/.npmrc Completed in 0ms
10 timing config:load:project Completed in 3ms
11 timing config:load:file:/Users/charlo/.npmrc Completed in 0ms
12 timing config:load:user Completed in 1ms
13 timing config:load:file:/Users/charlo/anaconda3/etc/npmrc Completed in 0ms
14 timing config:load:global Completed in 0ms
15 timing config:load:setEnvs Completed in 0ms
16 timing config:load Completed in 6ms
17 timing npm:load:configload Completed in 6ms
18 timing config:load:flatten Completed in 1ms
19 timing npm:load:mkdirpcache Completed in 0ms
20 timing npm:load:mkdirplogs Completed in 0ms
21 verbose title npm install rustywind@0.23.1
22 verbose argv "install" "rustywind@0.23.1"
23 timing npm:load:setTitle Completed in 3ms
24 timing npm:load:display Completed in 0ms
25 verbose logfile logs-max:10 dir:/Users/charlo/.npm/_logs/2024-11-27T23_50_50_968Z-
26 verbose logfile /Users/charlo/.npm/_logs/2024-11-27T23_50_50_968Z-debug-0.log
27 timing npm:load:logFile Completed in 4ms
28 timing npm:load:timers Completed in 0ms
29 timing npm:load:configScope Completed in 0ms
30 timing npm:load Completed in 21ms
31 timing arborist:ctor Completed in 0ms
32 silly logfile start cleaning logs, removing 1 files
33 silly logfile done cleaning log files
34 timing arborist:ctor Completed in 0ms
35 timing idealTree:init Completed in 5ms
36 timing idealTree:userRequests Completed in 1ms
37 silly idealTree buildDeps
38 silly fetch manifest rustywind@0.23.1
39 http fetch GET 200 https://registry.npmjs.org/rustywind 6ms (cache hit)
40 silly placeDep ROOT rustywind@0.23.1 OK for: @mason/rustywind@1.0.0 want: 0.23.1
41 silly fetch manifest https-proxy-agent@^4.0.0
42 silly fetch manifest proxy-from-env@^1.1.0
43 http fetch GET 200 https://registry.npmjs.org/https-proxy-agent 3ms (cache hit)
44 http fetch GET 200 https://registry.npmjs.org/proxy-from-env 4ms (cache hit)
45 timing idealTree:#root Completed in 14ms
46 silly placeDep node_modules/rustywind https-proxy-agent@4.0.0 OK for: rustywind@0.23.1 want: ^4.0.0
47 silly placeDep node_modules/rustywind proxy-from-env@1.1.0 OK for: rustywind@0.23.1 want: ^1.1.0
48 silly fetch manifest debug@4
49 silly fetch manifest agent-base@5
50 http fetch GET 200 https://registry.npmjs.org/agent-base 2ms (cache hit)
51 http fetch GET 200 https://registry.npmjs.org/debug 4ms (cache hit)
52 timing idealTree:node_modules/rustywind Completed in 7ms
53 silly placeDep node_modules/rustywind agent-base@5.1.1 OK for: https-proxy-agent@4.0.0 want: 5
54 silly placeDep node_modules/rustywind debug@4.3.7 OK for: https-proxy-agent@4.0.0 want: 4
55 silly fetch manifest ms@^2.1.3
56 http fetch GET 200 https://registry.npmjs.org/ms 2ms (cache hit)
57 timing idealTree:node_modules/rustywind/node_modules/https-proxy-agent Completed in 3ms
58 timing idealTree:node_modules/rustywind/node_modules/agent-base Completed in 0ms
59 silly placeDep node_modules/rustywind ms@2.1.3 OK for: debug@4.3.7 want: ^2.1.3
60 timing idealTree:node_modules/rustywind/node_modules/debug Completed in 1ms
61 timing idealTree:node_modules/rustywind/node_modules/ms Completed in 0ms
62 timing idealTree:node_modules/rustywind/node_modules/proxy-from-env Completed in 0ms
63 timing idealTree:buildDeps Completed in 25ms
64 timing idealTree:fixDepFlags Completed in 0ms
65 timing idealTree Completed in 32ms
66 timing reify:loadTrees Completed in 33ms
67 timing reify:diffTrees Completed in 0ms
68 silly reify moves {}
69 timing reify:retireShallow Completed in 1ms
70 timing reify:createSparse Completed in 1ms
71 timing reify:loadBundles Completed in 0ms
72 silly audit bulk request {
72 silly audit   rustywind: [ '0.23.1' ],
72 silly audit   'https-proxy-agent': [ '4.0.0' ],
72 silly audit   'proxy-from-env': [ '1.1.0' ],
72 silly audit   'agent-base': [ '5.1.1' ],
72 silly audit   debug: [ '4.3.7' ],
72 silly audit   ms: [ '2.1.3' ]
72 silly audit }
73 timing reifyNode:node_modules/rustywind/node_modules/ms Completed in 42ms
74 timing reifyNode:node_modules/rustywind/node_modules/debug Completed in 43ms
75 timing reifyNode:node_modules/rustywind/node_modules/proxy-from-env Completed in 43ms
76 timing reifyNode:node_modules/rustywind/node_modules/https-proxy-agent Completed in 42ms
77 timing reifyNode:node_modules/rustywind/node_modules/agent-base Completed in 43ms
78 timing reifyNode:node_modules/rustywind Completed in 50ms
79 timing reify:unpack Completed in 50ms
80 timing reify:unretire Completed in 0ms
81 timing build:queue Completed in 0ms
82 timing build:link:node_modules/rustywind Completed in 1ms
83 timing build:link Completed in 1ms
84 info run rustywind@0.23.1 install node_modules/rustywind node ./lib/postinstall.js || npm run prepack
85 info run rustywind@0.23.1 install { code: 0, signal: null }
86 timing build:run:install:node_modules/rustywind Completed in 71ms
87 timing build:run:install Completed in 71ms
88 timing build:deps Completed in 72ms
89 timing build Completed in 72ms
90 timing reify:build Completed in 73ms
91 timing reify:trash Completed in 0ms
92 timing reify:save Completed in 2ms
93 http fetch POST 200 https://registry.npmjs.org/-/npm/v1/security/advisories/bulk 172ms
94 timing auditReport:getReport Completed in 173ms
95 silly audit report {}
96 timing auditReport:init Completed in 0ms
97 timing reify:audit Completed in 173ms
98 timing reify Completed in 211ms
99 silly ADD node_modules/rustywind
100 silly ADD node_modules/rustywind/node_modules/ms
101 silly ADD node_modules/rustywind/node_modules/debug
102 silly ADD node_modules/rustywind/node_modules/agent-base
103 silly ADD node_modules/rustywind/node_modules/proxy-from-env
104 silly ADD node_modules/rustywind/node_modules/https-proxy-agent
105 timing command:install Completed in 214ms
106 verbose exit 0
107 timing npm Completed in 301ms
108 info ok
