0 verbose cli /opt/homebrew/Cellar/node/22.8.0/bin/node /opt/homebrew/bin/npm
1 info using npm@10.8.2
2 info using node@v22.8.0
3 silly config load:file:/opt/homebrew/lib/node_modules/npm/npmrc
4 silly config load:file:/Users/charlo/.local/share/nvim/mason/staging/pyright/.npmrc
5 silly config load:file:/Users/charlo/.npmrc
6 silly config load:file:/opt/homebrew/etc/npmrc
7 verbose title npm install pyright@1.1.384
8 verbose argv "install" "pyright@1.1.384"
9 verbose logfile logs-max:10 dir:/Users/charlo/.npm/_logs/2024-10-09T19_19_29_189Z-
10 verbose logfile /Users/charlo/.npm/_logs/2024-10-09T19_19_29_189Z-debug-0.log
11 silly packumentCache heap:4345298944 maxSize:1086324736 maxEntrySize:543162368
12 silly logfile start cleaning logs, removing 2 files
13 silly logfile done cleaning log files
14 silly idealTree buildDeps
15 silly fetch manifest pyright@1.1.384
16 silly packumentCache full:https://registry.npmjs.org/pyright cache-miss
17 http fetch GET 200 https://registry.npmjs.org/pyright 691ms (cache updated)
18 silly packumentCache full:https://registry.npmjs.org/pyright set size:undefined disposed:false
19 silly placeDep ROOT pyright@1.1.384 OK for: @mason/pyright@1.0.0 want: 1.1.384
20 silly fetch manifest fsevents@~2.3.3
21 silly packumentCache full:https://registry.npmjs.org/fsevents cache-miss
22 http fetch GET 200 https://registry.npmjs.org/fsevents 46ms (cache revalidated)
23 silly packumentCache full:https://registry.npmjs.org/fsevents set size:182472 disposed:false
24 silly placeDep node_modules/pyright fsevents@2.3.3 OK for: pyright@1.1.384 want: ~2.3.3
25 silly reify moves {}
26 silly audit bulk request { pyright: [ '1.1.384' ], fsevents: [ '2.3.3' ] }
27 silly tarball no local data for pyright@https://registry.npmjs.org/pyright/-/pyright-1.1.384.tgz. Extracting by manifest.
28 http fetch POST 200 https://registry.npmjs.org/-/npm/v1/security/advisories/bulk 416ms
29 silly audit report {}
30 http fetch GET 200 https://registry.npmjs.org/pyright/-/pyright-1.1.384.tgz 1828ms (cache miss)
31 info run fsevents@2.3.3 install node_modules/pyright/node_modules/fsevents node-gyp rebuild
32 info run fsevents@2.3.3 install { code: 1, signal: null }
33 verbose reify failed optional dependency /Users/charlo/.local/share/nvim/mason/staging/pyright/node_modules/pyright/node_modules/fsevents
34 silly reify mark deleted [
34 silly reify   '/Users/charlo/.local/share/nvim/mason/staging/pyright/node_modules/pyright/node_modules/fsevents'
34 silly reify ]
35 silly ADD node_modules/pyright
36 silly ADD
37 verbose cwd /Users/charlo/.local/share/nvim/mason/staging/pyright
38 verbose os Darwin 23.6.0
39 verbose node v22.8.0
40 verbose npm  v10.8.2
41 verbose exit 0
42 info ok
