0 verbose cli /opt/homebrew/Cellar/node/23.10.0_1/bin/node /opt/homebrew/bin/npm
1 info using npm@10.9.2
2 info using node@v23.10.0
3 silly config load:file:/opt/homebrew/lib/node_modules/npm/npmrc
4 silly config load:file:/Users/charlo/.npmrc
5 silly config load:file:/opt/homebrew/etc/npmrc
6 verbose title npm init
7 verbose argv "init" "--yes" "--scope" "mason"
8 verbose logfile logs-max:10 dir:/Users/charlo/.npm/_logs/2025-04-09T21_14_43_889Z-
9 verbose logfile /Users/charlo/.npm/_logs/2025-04-09T21_14_43_889Z-debug-0.log
10 silly logfile start cleaning logs, removing 1 files
11 silly logfile done cleaning log files
12 silly package data {
12 silly package data   name: '@mason/pyright',
12 silly package data   version: '1.0.0',
12 silly package data   main: 'index.js',
12 silly package data   scripts: { test: 'echo "Error: no test specified" && exit 1' },
12 silly package data   keywords: [],
12 silly package data   author: '',
12 silly package data   license: 'ISC',
12 silly package data   description: ''
12 silly package data }
13 verbose cwd /Users/charlo/.local/share/nvim/mason/staging/pyright
14 verbose os Darwin 24.3.0
15 verbose node v23.10.0
16 verbose npm  v10.9.2
17 verbose exit 0
18 info ok
